

                             _   _
                            (_) | |
      __ _   _ __   __   __  _  | |
     / _` | | '_ \  \ \ / / | | | |
    | (_| | | | | |  \ V /  | | | |
     \__,_| |_| |_|   \_/   |_| |_|

    1.2.3-dev (f0932d0440 2025-06-09T14:19:36.492393681Z)
    https://github.com/foundry-rs/foundry

Available Accounts
==================

(0) 0xf39Fd6e51aad88F6F4ce6aB8827279cffFb92266 (10000.000000000000000000 ETH)
(1) 0x70997970C51812dc3A010C7d01b50e0d17dc79C8 (10000.000000000000000000 ETH)
(2) 0x3C44CdDdB6a900fa2b585dd299e03d12FA4293BC (10000.000000000000000000 ETH)
(3) 0x90F79bf6EB2c4f870365E785982E1f101E93b906 (10000.000000000000000000 ETH)
(4) 0x15d34AAf54267DB7D7c367839AAf71A00a2C6A65 (10000.000000000000000000 ETH)
(5) 0x9965507D1a55bcC2695C58ba16FB37d819B0A4dc (10000.000000000000000000 ETH)
(6) 0x976EA74026E726554dB657fA54763abd0C3a0aa9 (10000.000000000000000000 ETH)
(7) 0x14dC79964da2C08b23698B3D3cc7Ca32193d9955 (10000.000000000000000000 ETH)
(8) 0x23618e81E3f5cdF7f54C3d65f7FBc0aBf5B21E8f (10000.000000000000000000 ETH)
(9) 0xa0Ee7A142d267C1f36714E4a8F75612F20a79720 (10000.000000000000000000 ETH)

Private Keys
==================

(0) 0xac0974bec39a17e36ba4a6b4d238ff944bacb478cbed5efcae784d7bf4f2ff80
(1) 0x59c6995e998f97a5a0044966f0945389dc9e86dae88c7a8412f4603b6b78690d
(2) 0x5de4111afa1a4b94908f83103eb1f1706367c2e68ca870fc3fb9a804cdab365a
(3) 0x7c852118294e51e653712a81e05800f419141751be58f605c371e15141b007a6
(4) 0x47e179ec197488593b187f80a00eb0da91f1b9d0b13f8733639f19c30a34926a
(5) 0x8b3a350cf5c34c9194ca85829a2df0ec3153be0318b5e2d3348e872092edffba
(6) 0x92db14e403b83dfe3df233f83dfa3a0d7096f21ca9b0d6d6b8d88b2b4ec1564e
(7) 0x4bbbf85ce3377467afe5d46f804f221813b2bb87f24d81f60f1fcdbf7cbf4356
(8) 0xdbda1821b80551c9d65939329250298aa3472ba22feea921c0cf5d620ea67b97
(9) 0x2a871d0798f97d79848a013d4936a73bf4cc922c825d33c1cf7073dff6d409c6

Wallet
==================
Mnemonic:          test test test test test test test test test test test junk
Derivation path:   m/44'/60'/0'/0/


Chain ID
==================

31337

Base Fee
==================

1000000000

Gas Limit
==================

30000000

Genesis Timestamp
==================

1752479793

Genesis Number
==================

0

Listening on 127.0.0.1:8545
eth_getTransactionCount
eth_getCode
eth_blockNumber
eth_gasPrice
eth_chainId
eth_getBlockByNumber
eth_blockNumber
eth_gasPrice
eth_chainId
eth_getBlockByNumber
eth_getTransactionCount
eth_getCode
eth_getBalance
eth_getBalance
eth_getCode
eth_getTransactionCount
eth_getBalance
eth_getCode
eth_getTransactionCount
eth_getBalance
eth_getCode
eth_getTransactionCount
eth_getBalance
eth_getCode
eth_getTransactionCount
eth_getBalance
eth_getCode
eth_getTransactionCount
eth_getBalance
eth_getCode
eth_getTransactionCount
eth_getBalance
eth_getCode
eth_getTransactionCount
eth_getTransactionCount
eth_getBalance
eth_getCode
eth_chainId
eth_chainId
eth_blockNumber
eth_gasPrice
eth_getBlockByNumber
eth_chainId
eth_chainId
eth_feeHistory
eth_feeHistory
eth_sendRawTransaction
eth_sendRawTransaction
eth_getTransactionReceipt
eth_getTransactionReceipt
eth_blockNumber
eth_getBlockByNumber
eth_getTransactionReceipt
eth_getTransactionReceipt

    Transaction: 0x92502ecff708d90de9ad3cd2ffa084d73ddc95e2959c2f2548c4ac2a0819555f
    Contract created: 0x5FbDB2315678afecb367f032d93F642f64180aa3
    Gas used: 1795547

    Block Number: 1
    Block Hash: 0x49e379bba85ce7eee5a961894219a1d838d619f785dae5e0f50a357a92b15f17
    Block Time: "Mon, 14 Jul 2025 07:56:42 +0000"


    Transaction: 0x2784d821e5198d97c69e2fcfc28e379c7853eda661724d9a7c77498b99cd8419
    Contract created: 0xe7f1725E7734CE288F8367e1Bb143E90bb3F0512
    Gas used: 664512

    Block Number: 2
    Block Hash: 0x7d7171b66a20ac4d146598d9a689a11c78a9b17acc4d78e8b582f1f525dc152a
    Block Time: "Mon, 14 Jul 2025 07:56:42 +0000"

eth_getTransactionReceipt
eth_blockNumber
eth_getTransactionReceipt
eth_getBlockByNumber
eth_getBlockByNumber
eth_chainId
eth_getTransactionCount
eth_call
eth_chainId
eth_getTransactionCount
eth_call
eth_getCode
eth_chainId
eth_getTransactionCount
eth_call
eth_chainId
eth_getTransactionCount
eth_feeHistory
eth_estimateGas
eth_sendRawTransaction
eth_blockNumber
eth_getTransactionReceipt
eth_getBlockByNumber
eth_getTransactionReceipt

    Transaction: 0xdbeac939c61a826f8cb714a908da57474ef0d1770782877c63b9cddb16290581
    Gas used: 289853

    Block Number: 3
    Block Hash: 0x072734b18486494a208a9b82e767db1944e9b7544a7c7ffe21c63cf68f7b1414
    Block Time: "Mon, 14 Jul 2025 07:59:43 +0000"

eth_getTransactionReceipt
eth_blockNumber
eth_getBlockByNumber
eth_chainId
eth_getTransactionCount
eth_call
eth_getTransactionCount
eth_getCode
eth_blockNumber
eth_gasPrice
eth_chainId
eth_getBlockByNumber
eth_blockNumber
eth_gasPrice
eth_chainId
eth_getBlockByNumber
eth_getTransactionCount
eth_getCode
eth_getBalance
eth_getTransactionCount
eth_getBalance
eth_getCode
eth_getCode
eth_getBalance
eth_getTransactionCount
eth_getTransactionCount
eth_getBalance
eth_getCode
eth_getTransactionCount
eth_getBalance
eth_getCode
eth_getBalance
eth_getCode
eth_getTransactionCount
eth_getBalance
eth_getCode
eth_getTransactionCount
eth_getBalance
eth_getCode
eth_getTransactionCount
eth_getBalance
eth_getCode
eth_getTransactionCount
eth_chainId
eth_chainId
eth_blockNumber
eth_gasPrice
eth_chainId
eth_getBlockByNumber
eth_chainId
eth_feeHistory
eth_feeHistory
eth_sendRawTransaction
eth_sendRawTransaction
eth_getTransactionReceipt
eth_getTransactionReceipt
eth_blockNumber
eth_getBlockByNumber

    Transaction: 0x3056e4f3e170bfb594b49ac5100ec8c5c4361c88e4a9b594b3337cfdd058c2c1
    Contract created: 0xCf7Ed3AccA5a467e9e704C703E8D87F634fB0Fc9
    Gas used: 1795547

    Transaction: 0xe06d9c0f089af702892b434f949f89088ef28573141399addd2ada7e7c13a752
    Contract created: 0xDc64a140Aa3E981100a9becA4E685f962f0cF6C9
    Gas used: 2460059

    Block Number: 4
    Block Hash: 0xdc8ca7e85f291b4e7677b6f7fae79338258d783a80924938ccdb6ac46ecd9794
    Block Time: "Mon, 14 Jul 2025 08:34:25 +0000"

eth_getTransactionReceipt
eth_getTransactionReceipt
eth_chainId
eth_getTransactionCount
eth_call
eth_getTransactionCount
eth_chainId
eth_feeHistory
eth_estimateGas
eth_sendRawTransaction
eth_blockNumber
eth_getTransactionReceipt
eth_getBlockByNumber
eth_getTransactionReceipt

    Transaction: 0xa49f75b7b761c89b9ed593bd663ef2e0151f8930900dae3c6605ea4785535523
    Gas used: 289889

    Block Number: 5
    Block Hash: 0x9e43613f7763e59e195e73c035536db4d16e546e6a4d3d65b21f25ea9d9534d7
    Block Time: "Mon, 14 Jul 2025 08:36:54 +0000"

eth_getTransactionReceipt
eth_blockNumber
eth_getBlockByNumber
eth_chainId
eth_getTransactionCount
eth_feeHistory
eth_estimateGas
eth_sendRawTransaction
eth_blockNumber
eth_getTransactionReceipt
eth_getBlockByNumber
eth_getTransactionReceipt

    Transaction: 0xc67d136f1f5b057cf35c529992d83fad91f0f2bd0892b5dccb5ae2c9d8bdbe09
    Gas used: 269989

    Block Number: 6
    Block Hash: 0x62bf88fd3a5ae17614f6ee49d50be7e906f81c2d886f30c06f3ae24650fd9937
    Block Time: "Mon, 14 Jul 2025 08:48:33 +0000"

eth_getTransactionReceipt
eth_blockNumber
eth_getBlockByNumber
eth_getTransactionCount
eth_getTransactionCount
eth_getBlockByNumber
eth_blockNumber
eth_getBlockByNumber
eth_blockNumber
eth_getBlockByNumber
eth_blockNumber
eth_getBlockByNumber
eth_blockNumber
eth_getBlockByNumber
eth_blockNumber
eth_getBlockByNumber
eth_blockNumber
eth_getBlockByNumber
eth_blockNumber
eth_getBlockByNumber
eth_blockNumber
eth_getBlockByNumber
eth_blockNumber
eth_getBlockByNumber
eth_blockNumber
eth_getBlockByNumber
eth_blockNumber
eth_getBlockByNumber
eth_blockNumber
eth_getBlockByNumber
eth_blockNumber
eth_getBlockByNumber
eth_blockNumber
eth_getBlockByNumber
eth_blockNumber
eth_getBlockByNumber
eth_blockNumber
eth_getBlockByNumber
eth_blockNumber
eth_getBlockByNumber
eth_blockNumber
eth_getBlockByNumber
eth_blockNumber
eth_getBlockByNumber
eth_blockNumber
eth_getBlockByNumber
eth_blockNumber
eth_getBlockByNumber
eth_blockNumber
eth_getBlockByNumber
eth_blockNumber
eth_getBlockByNumber
eth_blockNumber
eth_getBlockByNumber
eth_blockNumber
eth_getBlockByNumber
eth_blockNumber
eth_getBlockByNumber
eth_blockNumber
eth_getBlockByNumber
eth_blockNumber
eth_getBlockByNumber
eth_blockNumber
eth_getBlockByNumber
eth_blockNumber
eth_getBlockByNumber
eth_blockNumber
eth_getBlockByNumber
eth_blockNumber
eth_getBlockByNumber
eth_blockNumber
eth_getBlockByNumber
eth_blockNumber
eth_getBlockByNumber
eth_blockNumber
eth_getBlockByNumber
eth_blockNumber
eth_getBlockByNumber
eth_blockNumber
eth_getBlockByNumber
eth_blockNumber
eth_getBlockByNumber
eth_blockNumber
eth_getBlockByNumber
eth_blockNumber
eth_getBlockByNumber
eth_blockNumber
eth_getBlockByNumber
eth_blockNumber
eth_getBlockByNumber
eth_blockNumber
eth_getBlockByNumber
eth_blockNumber
eth_getBlockByNumber
eth_blockNumber
eth_getBlockByNumber
eth_blockNumber
eth_getBlockByNumber
eth_blockNumber
eth_getBlockByNumber
eth_blockNumber
eth_getBlockByNumber
eth_blockNumber
eth_getBlockByNumber
eth_blockNumber
eth_getBlockByNumber
eth_blockNumber
eth_getBlockByNumber
eth_blockNumber
eth_getBlockByNumber
eth_blockNumber
eth_getBlockByNumber
eth_blockNumber
eth_getBlockByNumber
eth_blockNumber
eth_getBlockByNumber
eth_blockNumber
eth_getBlockByNumber
eth_blockNumber
eth_getBlockByNumber
eth_blockNumber
eth_getBlockByNumber
eth_blockNumber
eth_getBlockByNumber
eth_blockNumber
eth_getBlockByNumber
eth_blockNumber
eth_getBlockByNumber
eth_blockNumber
eth_getBlockByNumber
eth_blockNumber
eth_getBlockByNumber
eth_blockNumber
eth_getBlockByNumber
eth_blockNumber
eth_getBlockByNumber
eth_blockNumber
eth_getBlockByNumber
eth_blockNumber
eth_getBlockByNumber
eth_blockNumber
eth_getBlockByNumber
eth_blockNumber
eth_getBlockByNumber
eth_blockNumber
eth_getBlockByNumber
eth_blockNumber
eth_getBlockByNumber
eth_blockNumber
eth_getBlockByNumber
eth_blockNumber
eth_getBlockByNumber
eth_blockNumber
eth_getBlockByNumber
eth_blockNumber
eth_getBlockByNumber
eth_blockNumber
eth_getBlockByNumber
eth_blockNumber
eth_getBlockByNumber
eth_blockNumber
eth_getBlockByNumber
eth_blockNumber
eth_getBlockByNumber
eth_blockNumber
eth_getBlockByNumber
eth_blockNumber
eth_getBlockByNumber
eth_blockNumber
eth_getBlockByNumber
eth_blockNumber
eth_getBlockByNumber
eth_blockNumber
eth_getBlockByNumber
eth_blockNumber
eth_getBlockByNumber
eth_blockNumber
eth_getBlockByNumber
eth_blockNumber
eth_getBlockByNumber
eth_blockNumber
eth_getBlockByNumber
eth_blockNumber
eth_getBlockByNumber
eth_blockNumber
eth_getBlockByNumber
eth_blockNumber
eth_getBlockByNumber
eth_blockNumber
eth_getBlockByNumber
eth_blockNumber
eth_getBlockByNumber
eth_blockNumber
eth_getBlockByNumber
eth_blockNumber
eth_getBlockByNumber
eth_blockNumber
eth_getBlockByNumber
eth_blockNumber
eth_getBlockByNumber
eth_blockNumber
eth_getBlockByNumber
eth_blockNumber
eth_getBlockByNumber
eth_blockNumber
eth_getBlockByNumber
eth_blockNumber
eth_getBlockByNumber
