

                             _   _
                            (_) | |
      __ _   _ __   __   __  _  | |
     / _` | | '_ \  \ \ / / | | | |
    | (_| | | | | |  \ V /  | | | |
     \__,_| |_| |_|   \_/   |_| |_|

    1.2.3-dev (f0932d0440 2025-06-09T14:19:36.492393681Z)
    https://github.com/foundry-rs/foundry

Available Accounts
==================

(0) 0xf39Fd6e51aad88F6F4ce6aB8827279cffFb92266 (10000.000000000000000000 ETH)
(1) 0x70997970C51812dc3A010C7d01b50e0d17dc79C8 (10000.000000000000000000 ETH)
(2) 0x3C44CdDdB6a900fa2b585dd299e03d12FA4293BC (10000.000000000000000000 ETH)
(3) 0x90F79bf6EB2c4f870365E785982E1f101E93b906 (10000.000000000000000000 ETH)
(4) 0x15d34AAf54267DB7D7c367839AAf71A00a2C6A65 (10000.000000000000000000 ETH)
(5) 0x9965507D1a55bcC2695C58ba16FB37d819B0A4dc (10000.000000000000000000 ETH)
(6) 0x976EA74026E726554dB657fA54763abd0C3a0aa9 (10000.000000000000000000 ETH)
(7) 0x14dC79964da2C08b23698B3D3cc7Ca32193d9955 (10000.000000000000000000 ETH)
(8) 0x23618e81E3f5cdF7f54C3d65f7FBc0aBf5B21E8f (10000.000000000000000000 ETH)
(9) 0xa0Ee7A142d267C1f36714E4a8F75612F20a79720 (10000.000000000000000000 ETH)

Private Keys
==================

(0) 0xac0974bec39a17e36ba4a6b4d238ff944bacb478cbed5efcae784d7bf4f2ff80
(1) 0x59c6995e998f97a5a0044966f0945389dc9e86dae88c7a8412f4603b6b78690d
(2) 0x5de4111afa1a4b94908f83103eb1f1706367c2e68ca870fc3fb9a804cdab365a
(3) 0x7c852118294e51e653712a81e05800f419141751be58f605c371e15141b007a6
(4) 0x47e179ec197488593b187f80a00eb0da91f1b9d0b13f8733639f19c30a34926a
(5) 0x8b3a350cf5c34c9194ca85829a2df0ec3153be0318b5e2d3348e872092edffba
(6) 0x92db14e403b83dfe3df233f83dfa3a0d7096f21ca9b0d6d6b8d88b2b4ec1564e
(7) 0x4bbbf85ce3377467afe5d46f804f221813b2bb87f24d81f60f1fcdbf7cbf4356
(8) 0xdbda1821b80551c9d65939329250298aa3472ba22feea921c0cf5d620ea67b97
(9) 0x2a871d0798f97d79848a013d4936a73bf4cc922c825d33c1cf7073dff6d409c6

Wallet
==================
Mnemonic:          test test test test test test test test test test test junk
Derivation path:   m/44'/60'/0'/0/


Chain ID
==================

31337

Base Fee
==================

1000000000

Gas Limit
==================

30000000

Genesis Timestamp
==================

1754919919

Genesis Number
==================

0

Listening on 127.0.0.1:8545
eth_getTransactionCount
eth_getCode
eth_blockNumber
eth_gasPrice
eth_chainId
eth_getBlockByNumber
eth_blockNumber
eth_gasPrice
eth_chainId
eth_getBlockByNumber
eth_getBalance
eth_getCode
eth_getTransactionCount
eth_getBalance
eth_getCode
eth_getTransactionCount
eth_getBalance
eth_getCode
eth_getTransactionCount
eth_getTransactionCount
eth_getBalance
eth_getCode
eth_getTransactionCount
eth_getCode
eth_getBalance
eth_getBalance
eth_getCode
eth_getTransactionCount
eth_getBalance
eth_getCode
eth_getTransactionCount
eth_getBalance
eth_getCode
eth_getTransactionCount
eth_getBalance
eth_getCode
eth_getTransactionCount
eth_chainId
eth_chainId
eth_blockNumber
eth_gasPrice
eth_chainId
eth_getBlockByNumber
eth_chainId
eth_feeHistory
eth_feeHistory
eth_sendRawTransaction
eth_sendRawTransaction
eth_getTransactionReceipt
eth_getTransactionReceipt
eth_blockNumber
eth_getTransactionReceipt
eth_getTransactionReceipt

eth_getBlockByNumber
    Transaction: 0x92502ecff708d90de9ad3cd2ffa084d73ddc95e2959c2f2548c4ac2a0819555f
    Contract created: 0x5FbDB2315678afecb367f032d93F642f64180aa3
    Gas used: 1795547

    Transaction: 0x0ebd5ec672613b1f58c6812a84cafb5b19592365490cfcd2c97dc247d05e1a36
    Contract created: 0xe7f1725E7734CE288F8367e1Bb143E90bb3F0512
    Gas used: 2405890

    Block Number: 1
    Block Hash: 0xe443ed8d3d367156979765cdea695001e11068e7e58365f092873546c3ba2b34
    Block Time: "Mon, 11 Aug 2025 13:45:24 +0000"

eth_getTransactionReceipt
eth_getTransactionReceipt
eth_blockNumber
eth_getBlockByNumber
eth_chainId
eth_getTransactionCount
eth_call
eth_getTransactionCount
eth_chainId
eth_feeHistory
eth_estimateGas
eth_sendRawTransaction
eth_blockNumber
eth_getBlockByNumber
eth_getTransactionReceipt
eth_getTransactionReceipt

    Transaction: 0x42dc7eb95be0fb05eae48c3ae17885ce9f0c998005b173421775d49fb660cb68
    Gas used: 36740

    Block Number: 2
    Block Hash: 0x839cf41bd78ffd6d4f0678d89edb23910e817cc42e1c56d1d85693a1e6648191
    Block Time: "Mon, 11 Aug 2025 13:46:29 +0000"

eth_getTransactionReceipt
eth_blockNumber
eth_chainId
eth_getTransactionCount
eth_feeHistory
eth_estimateGas
eth_sendRawTransaction
eth_blockNumber
eth_getBlockByNumber
eth_getTransactionReceipt

    Transaction: 0xe4b0bb1b4a3e17bde3674237cb2f639c4ef94630245326bdf90cf4a8081ed829
    Gas used: 50740

    Block Number: 3
    Block Hash: 0xc7c56ddf7943841cdd8a2aafe69a98979509f04b0c6d0f2a487f9cd75d861486
    Block Time: "Mon, 11 Aug 2025 13:47:46 +0000"

eth_getTransactionReceipt
eth_getTransactionCount
eth_getCode
eth_blockNumber
eth_gasPrice
eth_chainId
eth_getBlockByNumber
eth_blockNumber
eth_gasPrice
eth_chainId
eth_getBlockByNumber
eth_getBalance
eth_getCode
eth_getTransactionCount
eth_getTransactionCount
eth_getCode
eth_getBalance
eth_getBalance
eth_getCode
eth_getTransactionCount
eth_getCode
eth_getBalance
eth_getTransactionCount
eth_getBalance
eth_getCode
eth_getTransactionCount
eth_getCode
eth_getBalance
eth_getTransactionCount
eth_getBalance
eth_getCode
eth_getTransactionCount
eth_getTransactionCount
eth_getBalance
eth_getCode
eth_getBalance
eth_getCode
eth_getTransactionCount
eth_chainId
eth_chainId
eth_blockNumber
eth_gasPrice
eth_chainId
eth_getBlockByNumber
eth_chainId
eth_feeHistory
eth_feeHistory
eth_sendRawTransaction
eth_sendRawTransaction

    Transaction: 0xe6fcd6f50a4a20b4a5f88d552c596b153b1eedb03f92817c58f795d8db276758
    Contract created: 0xDc64a140Aa3E981100a9becA4E685f962f0cF6C9
    Gas used: 1795547

    Block Number: 4
    Block Hash: 0x9badab04254e55f7a08b8d1236cf4a85e94f581e45fef41ac7625d4170e939ed
    Block Time: "Mon, 11 Aug 2025 13:48:24 +0000"


    Transaction: 0x31855915c5bbabbf1b72a4217a4e2437060f441185d814f052e2a3666a695397
    Contract created: 0x5FC8d32690cc91D4c39d9d3abcBD16989F875707
    Gas used: 610331

    Block Number: 5
    Block Hash: 0x767ee90ef9ef201aa7377cb3fb674bffb2a1c3b54ff4911ec377193a9f620e5f
    Block Time: "Mon, 11 Aug 2025 13:48:24 +0000"

eth_getTransactionReceipt
eth_getTransactionReceipt
eth_getTransactionReceipt
eth_getTransactionReceipt
eth_chainId
eth_getTransactionCount
eth_call
eth_chainId
eth_getTransactionCount
eth_feeHistory
eth_estimateGas
eth_blockNumber
eth_sendRawTransaction
eth_getBlockByNumber
eth_getTransactionReceipt

    Transaction: 0x3a638cd1dc17423196d88e57371288303e033009c9f9f160325dd895ced680d3
    Gas used: 68240

    Block Number: 6
    Block Hash: 0x13438046ee46cc667abb21cc46e0c70a6f0480660fc7a48e971753341aefe524
    Block Time: "Mon, 11 Aug 2025 13:49:41 +0000"

eth_getTransactionReceipt
eth_getTransactionCount
eth_estimateGas
eth_chainId
eth_feeHistory
eth_sendRawTransaction
eth_blockNumber
eth_getTransactionReceipt
eth_getBlockByNumber

    Transaction: 0x073cb0ca8de700590bfc3edbba09abedb6f731f000e60d656f26cf203a2e3025
    Gas used: 105640

    Block Number: 7
    Block Hash: 0x4a9c4468a124a36911ac87d70c61ff3dae3512803f819a435396a809201dea77
    Block Time: "Mon, 11 Aug 2025 13:51:19 +0000"

eth_getTransactionReceipt
eth_getTransactionCount
eth_chainId
eth_feeHistory
eth_estimateGas
eth_blockNumber
eth_getBlockByNumber
eth_sendRawTransaction
eth_getTransactionReceipt

    Transaction: 0x45bc1a068dadf0e2d8d3c0cb60acec067d6240c2489f683d6e64243c711c27f4
    Gas used: 142920

    Block Number: 8
    Block Hash: 0xf92576696068e562e2c90aa60aa72c5e008ff1446f6135afc8a8fb2248de8cf8
    Block Time: "Mon, 11 Aug 2025 13:53:24 +0000"

eth_getTransactionReceipt
